
*** Running vivado
    with args -log BiSS_Splitter_Rev8.vds -m64 -product Vivado -mode batch -messageDb vivado.pb -notrace -source BiSS_Splitter_Rev8.tcl



****** Vivado v2020.1 (64-bit)
  **** SW Build 2902540 on Wed May 27 19:54:49 MDT 2020
  **** IP Build 2902112 on Wed May 27 22:43:36 MDT 2020
    ** Copyright 1986-2020 Xilinx, Inc. All Rights Reserved.

source BiSS_Splitter_Rev8.tcl -notrace
Command: synth_design -top BiSS_Splitter_Rev8 -part xc7a35ticsg324-1L
Starting synth_design
Attempting to get a license for feature 'Synthesis' and/or device 'xc7a35ti'
INFO: [Common 17-349] Got license for feature 'Synthesis' and/or device 'xc7a35ti'
INFO: [Synth 8-7079] Multithreading enabled for synth_design using a maximum of 2 processes.
INFO: [Synth 8-7078] Launching helper process for spawning children vivado processes
INFO: [Synth 8-7075] Helper process launched with PID 7292
---------------------------------------------------------------------------------
Starting Synthesize : Time (s): cpu = 00:00:04 ; elapsed = 00:00:04 . Memory (MB): peak = 1016.020 ; gain = 0.000
---------------------------------------------------------------------------------
INFO: [Synth 8-638] synthesizing module 'BiSS_Splitter_Rev8' [C:/Users/Austin/Documents/BiSS-C-Splitter/Generated HDL Code/BiSS_Splitter_Rev8/BiSS_Splitter_Rev8.vhd:59]
INFO: [Synth 8-3491] module 'BiSS_C_Master' declared at 'C:/Users/Austin/Documents/BiSS-C-Splitter/Generated HDL Code/BiSS_Splitter_Rev8/BiSS_C_Master.vhd:22' bound to instance 'u_BiSS_C_Master' of component 'BiSS_C_Master' [C:/Users/Austin/Documents/BiSS-C-Splitter/Generated HDL Code/BiSS_Splitter_Rev8/BiSS_Splitter_Rev8.vhd:155]
INFO: [Synth 8-638] synthesizing module 'BiSS_C_Master' [C:/Users/Austin/Documents/BiSS-C-Splitter/Generated HDL Code/BiSS_Splitter_Rev8/BiSS_C_Master.vhd:38]
INFO: [Synth 8-3491] module 'Bit_Counter_Error_Detector' declared at 'C:/Users/Austin/Documents/BiSS-C-Splitter/Generated HDL Code/BiSS_Splitter_Rev8/Bit_Counter_Error_Detector.vhd:26' bound to instance 'u_Bit_Counter_Error_Detector' of component 'Bit_Counter_Error_Detector' [C:/Users/Austin/Documents/BiSS-C-Splitter/Generated HDL Code/BiSS_Splitter_Rev8/BiSS_C_Master.vhd:75]
INFO: [Synth 8-638] synthesizing module 'Bit_Counter_Error_Detector' [C:/Users/Austin/Documents/BiSS-C-Splitter/Generated HDL Code/BiSS_Splitter_Rev8/Bit_Counter_Error_Detector.vhd:41]
INFO: [Synth 8-256] done synthesizing module 'Bit_Counter_Error_Detector' (1#1) [C:/Users/Austin/Documents/BiSS-C-Splitter/Generated HDL Code/BiSS_Splitter_Rev8/Bit_Counter_Error_Detector.vhd:41]
INFO: [Synth 8-256] done synthesizing module 'BiSS_C_Master' (2#1) [C:/Users/Austin/Documents/BiSS-C-Splitter/Generated HDL Code/BiSS_Splitter_Rev8/BiSS_C_Master.vhd:38]
INFO: [Synth 8-3491] module 'Motor_BiSS_C_Slave' declared at 'C:/Users/Austin/Documents/BiSS-C-Splitter/Generated HDL Code/BiSS_Splitter_Rev8/Motor_BiSS_C_Slave.vhd:22' bound to instance 'u_Motor_BiSS_C_Slave' of component 'Motor_BiSS_C_Slave' [C:/Users/Austin/Documents/BiSS-C-Splitter/Generated HDL Code/BiSS_Splitter_Rev8/BiSS_Splitter_Rev8.vhd:169]
INFO: [Synth 8-638] synthesizing module 'Motor_BiSS_C_Slave' [C:/Users/Austin/Documents/BiSS-C-Splitter/Generated HDL Code/BiSS_Splitter_Rev8/Motor_BiSS_C_Slave.vhd:36]
INFO: [Synth 8-3491] module 'Chart_block' declared at 'C:/Users/Austin/Documents/BiSS-C-Splitter/Generated HDL Code/BiSS_Splitter_Rev8/Chart_block.vhd:23' bound to instance 'u_Chart' of component 'Chart_block' [C:/Users/Austin/Documents/BiSS-C-Splitter/Generated HDL Code/BiSS_Splitter_Rev8/Motor_BiSS_C_Slave.vhd:60]
INFO: [Synth 8-638] synthesizing module 'Chart_block' [C:/Users/Austin/Documents/BiSS-C-Splitter/Generated HDL Code/BiSS_Splitter_Rev8/Chart_block.vhd:34]
INFO: [Synth 8-256] done synthesizing module 'Chart_block' (3#1) [C:/Users/Austin/Documents/BiSS-C-Splitter/Generated HDL Code/BiSS_Splitter_Rev8/Chart_block.vhd:34]
INFO: [Synth 8-256] done synthesizing module 'Motor_BiSS_C_Slave' (4#1) [C:/Users/Austin/Documents/BiSS-C-Splitter/Generated HDL Code/BiSS_Splitter_Rev8/Motor_BiSS_C_Slave.vhd:36]
INFO: [Synth 8-3491] module 'Buffer_rsvd' declared at 'C:/Users/Austin/Documents/BiSS-C-Splitter/Generated HDL Code/BiSS_Splitter_Rev8/Buffer_rsvd.vhd:22' bound to instance 'u_Buffer' of component 'Buffer_rsvd' [C:/Users/Austin/Documents/BiSS-C-Splitter/Generated HDL Code/BiSS_Splitter_Rev8/BiSS_Splitter_Rev8.vhd:181]
INFO: [Synth 8-638] synthesizing module 'Buffer_rsvd' [C:/Users/Austin/Documents/BiSS-C-Splitter/Generated HDL Code/BiSS_Splitter_Rev8/Buffer_rsvd.vhd:43]
INFO: [Synth 8-3491] module 'Chart' declared at 'C:/Users/Austin/Documents/BiSS-C-Splitter/Generated HDL Code/BiSS_Splitter_Rev8/Chart.vhd:23' bound to instance 'u_Chart' of component 'Chart' [C:/Users/Austin/Documents/BiSS-C-Splitter/Generated HDL Code/BiSS_Splitter_Rev8/Buffer_rsvd.vhd:108]
INFO: [Synth 8-638] synthesizing module 'Chart' [C:/Users/Austin/Documents/BiSS-C-Splitter/Generated HDL Code/BiSS_Splitter_Rev8/Chart.vhd:46]
INFO: [Synth 8-256] done synthesizing module 'Chart' (5#1) [C:/Users/Austin/Documents/BiSS-C-Splitter/Generated HDL Code/BiSS_Splitter_Rev8/Chart.vhd:46]
	Parameter AddrWidth bound to: 8 - type: integer 
	Parameter DataWidth bound to: 8 - type: integer 
INFO: [Synth 8-3491] module 'SimpleDualPortRAM_generic' declared at 'C:/Users/Austin/Documents/BiSS-C-Splitter/Generated HDL Code/BiSS_Splitter_Rev8/SimpleDualPortRAM_generic.vhd:22' bound to instance 'u_Simple_Dual_Port_RAM' of component 'SimpleDualPortRAM_generic' [C:/Users/Austin/Documents/BiSS-C-Splitter/Generated HDL Code/BiSS_Splitter_Rev8/Buffer_rsvd.vhd:129]
INFO: [Synth 8-638] synthesizing module 'SimpleDualPortRAM_generic' [C:/Users/Austin/Documents/BiSS-C-Splitter/Generated HDL Code/BiSS_Splitter_Rev8/SimpleDualPortRAM_generic.vhd:37]
	Parameter AddrWidth bound to: 8 - type: integer 
	Parameter DataWidth bound to: 8 - type: integer 
INFO: [Synth 8-256] done synthesizing module 'SimpleDualPortRAM_generic' (6#1) [C:/Users/Austin/Documents/BiSS-C-Splitter/Generated HDL Code/BiSS_Splitter_Rev8/SimpleDualPortRAM_generic.vhd:37]
INFO: [Synth 8-256] done synthesizing module 'Buffer_rsvd' (7#1) [C:/Users/Austin/Documents/BiSS-C-Splitter/Generated HDL Code/BiSS_Splitter_Rev8/Buffer_rsvd.vhd:43]
INFO: [Synth 8-3491] module 'DAQ_BiSS_C_Slave' declared at 'C:/Users/Austin/Documents/BiSS-C-Splitter/Generated HDL Code/BiSS_Splitter_Rev8/DAQ_BiSS_C_Slave.vhd:22' bound to instance 'u_DAQ_BiSS_C_Slave' of component 'DAQ_BiSS_C_Slave' [C:/Users/Austin/Documents/BiSS-C-Splitter/Generated HDL Code/BiSS_Splitter_Rev8/BiSS_Splitter_Rev8.vhd:200]
INFO: [Synth 8-638] synthesizing module 'DAQ_BiSS_C_Slave' [C:/Users/Austin/Documents/BiSS-C-Splitter/Generated HDL Code/BiSS_Splitter_Rev8/DAQ_BiSS_C_Slave.vhd:36]
INFO: [Synth 8-3491] module 'Chart_block' declared at 'C:/Users/Austin/Documents/BiSS-C-Splitter/Generated HDL Code/BiSS_Splitter_Rev8/Chart_block.vhd:23' bound to instance 'u_Chart' of component 'Chart_block' [C:/Users/Austin/Documents/BiSS-C-Splitter/Generated HDL Code/BiSS_Splitter_Rev8/DAQ_BiSS_C_Slave.vhd:60]
INFO: [Synth 8-256] done synthesizing module 'DAQ_BiSS_C_Slave' (8#1) [C:/Users/Austin/Documents/BiSS-C-Splitter/Generated HDL Code/BiSS_Splitter_Rev8/DAQ_BiSS_C_Slave.vhd:36]
INFO: [Synth 8-256] done synthesizing module 'BiSS_Splitter_Rev8' (9#1) [C:/Users/Austin/Documents/BiSS-C-Splitter/Generated HDL Code/BiSS_Splitter_Rev8/BiSS_Splitter_Rev8.vhd:59]
---------------------------------------------------------------------------------
Finished Synthesize : Time (s): cpu = 00:00:05 ; elapsed = 00:00:06 . Memory (MB): peak = 1016.020 ; gain = 0.000
---------------------------------------------------------------------------------
---------------------------------------------------------------------------------
Finished Constraint Validation : Time (s): cpu = 00:00:06 ; elapsed = 00:00:06 . Memory (MB): peak = 1016.020 ; gain = 0.000
---------------------------------------------------------------------------------
---------------------------------------------------------------------------------
Start Loading Part and Timing Information
---------------------------------------------------------------------------------
Loading part: xc7a35ticsg324-1L
---------------------------------------------------------------------------------
Finished Loading Part and Timing Information : Time (s): cpu = 00:00:06 ; elapsed = 00:00:06 . Memory (MB): peak = 1016.020 ; gain = 0.000
---------------------------------------------------------------------------------
INFO: [Device 21-403] Loading part xc7a35ticsg324-1L
INFO: [Synth 8-802] inferred FSM for state register 'is_Bit_Counter_Error_Detector_reg' in module 'Bit_Counter_Error_Detector'
---------------------------------------------------------------------------------------------------
                   State |                     New Encoding |                Previous Encoding 
---------------------------------------------------------------------------------------------------
                in_ready |                              000 |                              010
                  in_ack |                              001 |                              000
                in_start |                              010 |                              011
                  iSTATE |                              011 |                              100
*
                 in_read |                              100 |                              001
---------------------------------------------------------------------------------------------------
INFO: [Synth 8-3354] encoded FSM with state register 'is_Bit_Counter_Error_Detector_reg' using encoding 'sequential' in module 'Bit_Counter_Error_Detector'
---------------------------------------------------------------------------------
Finished RTL Optimization Phase 2 : Time (s): cpu = 00:00:07 ; elapsed = 00:00:07 . Memory (MB): peak = 1016.020 ; gain = 0.000
---------------------------------------------------------------------------------
No constraint files found.
---------------------------------------------------------------------------------
Start RTL Component Statistics 
---------------------------------------------------------------------------------
Detailed RTL Component Info : 
+---Adders : 
	   2 Input    9 Bit       Adders := 5     
+---Registers : 
	                8 Bit    Registers := 11    
	                3 Bit    Registers := 1     
	                1 Bit    Registers := 16    
+---RAMs : 
	               2K Bit	(256 X 8 bit)          RAMs := 1     
+---Muxes : 
	   2 Input    8 Bit        Muxes := 36    
	   5 Input    8 Bit        Muxes := 4     
	   8 Input    8 Bit        Muxes := 2     
	   6 Input    8 Bit        Muxes := 1     
	   4 Input    8 Bit        Muxes := 1     
	   5 Input    3 Bit        Muxes := 2     
	   8 Input    3 Bit        Muxes := 1     
	   8 Input    2 Bit        Muxes := 4     
	   2 Input    1 Bit        Muxes := 35    
	   5 Input    1 Bit        Muxes := 11    
	   8 Input    1 Bit        Muxes := 6     
	   6 Input    1 Bit        Muxes := 1     
	   4 Input    1 Bit        Muxes := 3     
---------------------------------------------------------------------------------
Finished RTL Component Statistics 
---------------------------------------------------------------------------------
---------------------------------------------------------------------------------
Start Part Resource Summary
---------------------------------------------------------------------------------
Part Resources:
DSPs: 90 (col length:60)
BRAMs: 100 (col length: RAMB18 60 RAMB36 30)
---------------------------------------------------------------------------------
Finished Part Resource Summary
---------------------------------------------------------------------------------
No constraint files found.
---------------------------------------------------------------------------------
Start Cross Boundary and Area Optimization
---------------------------------------------------------------------------------
---------------------------------------------------------------------------------
Finished Cross Boundary and Area Optimization : Time (s): cpu = 00:00:12 ; elapsed = 00:00:13 . Memory (MB): peak = 1016.020 ; gain = 0.000
---------------------------------------------------------------------------------
---------------------------------------------------------------------------------
Start ROM, RAM, DSP and Shift Register Reporting
---------------------------------------------------------------------------------

Block RAM: Preliminary Mapping	Report (see note below)
+-------------------+-----------------------------------------+------------------------+---+---+------------------------+---+---+------------------+--------+--------+
|Module Name        | RTL Object                              | PORT A (Depth x Width) | W | R | PORT B (Depth x Width) | W | R | Ports driving FF | RAMB18 | RAMB36 | 
+-------------------+-----------------------------------------+------------------------+---+---+------------------------+---+---+------------------+--------+--------+
|BiSS_Splitter_Rev8 | u_Buffer/u_Simple_Dual_Port_RAM/ram_reg | 256 x 8(READ_FIRST)    | W |   | 256 x 8(WRITE_FIRST)   |   | R | Port A and B     | 1      | 0      | 
+-------------------+-----------------------------------------+------------------------+---+---+------------------------+---+---+------------------+--------+--------+

Note: The table above is a preliminary report that shows the Block RAMs at the current stage of the synthesis flow. Some Block RAMs may be reimplemented as non Block RAM primitives later in the synthesis flow. Multiple instantiated Block RAMs are reported only once. 
---------------------------------------------------------------------------------
Finished ROM, RAM, DSP and Shift Register Reporting
---------------------------------------------------------------------------------
No constraint files found.
---------------------------------------------------------------------------------
Start Timing Optimization
---------------------------------------------------------------------------------
---------------------------------------------------------------------------------
Finished Timing Optimization : Time (s): cpu = 00:00:12 ; elapsed = 00:00:13 . Memory (MB): peak = 1016.020 ; gain = 0.000
---------------------------------------------------------------------------------
---------------------------------------------------------------------------------
Start ROM, RAM, DSP and Shift Register Reporting
---------------------------------------------------------------------------------

Block RAM: Final Mapping	Report
+-------------------+-----------------------------------------+------------------------+---+---+------------------------+---+---+------------------+--------+--------+
|Module Name        | RTL Object                              | PORT A (Depth x Width) | W | R | PORT B (Depth x Width) | W | R | Ports driving FF | RAMB18 | RAMB36 | 
+-------------------+-----------------------------------------+------------------------+---+---+------------------------+---+---+------------------+--------+--------+
|BiSS_Splitter_Rev8 | u_Buffer/u_Simple_Dual_Port_RAM/ram_reg | 256 x 8(READ_FIRST)    | W |   | 256 x 8(WRITE_FIRST)   |   | R | Port A and B     | 1      | 0      | 
+-------------------+-----------------------------------------+------------------------+---+---+------------------------+---+---+------------------+--------+--------+

---------------------------------------------------------------------------------
Finished ROM, RAM, DSP and Shift Register Reporting
---------------------------------------------------------------------------------
---------------------------------------------------------------------------------
Start Technology Mapping
---------------------------------------------------------------------------------
INFO: [Synth 8-7052] The timing for the instance u_Buffer/u_Simple_Dual_Port_RAM/ram_reg (implemented as a Block RAM) might be sub-optimal as no optional output register could be merged into the ram block. Providing additional output register may help in improving timing.
---------------------------------------------------------------------------------
Finished Technology Mapping : Time (s): cpu = 00:00:12 ; elapsed = 00:00:13 . Memory (MB): peak = 1016.020 ; gain = 0.000
---------------------------------------------------------------------------------
---------------------------------------------------------------------------------
Start IO Insertion
---------------------------------------------------------------------------------
---------------------------------------------------------------------------------
Start Flattening Before IO Insertion
---------------------------------------------------------------------------------
---------------------------------------------------------------------------------
Finished Flattening Before IO Insertion
---------------------------------------------------------------------------------
---------------------------------------------------------------------------------
Start Final Netlist Cleanup
---------------------------------------------------------------------------------
---------------------------------------------------------------------------------
Finished Final Netlist Cleanup
---------------------------------------------------------------------------------
---------------------------------------------------------------------------------
Finished IO Insertion : Time (s): cpu = 00:00:15 ; elapsed = 00:00:16 . Memory (MB): peak = 1016.020 ; gain = 0.000
---------------------------------------------------------------------------------
---------------------------------------------------------------------------------
Start Renaming Generated Instances
---------------------------------------------------------------------------------
---------------------------------------------------------------------------------
Finished Renaming Generated Instances : Time (s): cpu = 00:00:15 ; elapsed = 00:00:16 . Memory (MB): peak = 1016.020 ; gain = 0.000
---------------------------------------------------------------------------------
---------------------------------------------------------------------------------
Start Rebuilding User Hierarchy
---------------------------------------------------------------------------------
---------------------------------------------------------------------------------
Finished Rebuilding User Hierarchy : Time (s): cpu = 00:00:15 ; elapsed = 00:00:16 . Memory (MB): peak = 1016.020 ; gain = 0.000
---------------------------------------------------------------------------------
---------------------------------------------------------------------------------
Start Renaming Generated Ports
---------------------------------------------------------------------------------
---------------------------------------------------------------------------------
Finished Renaming Generated Ports : Time (s): cpu = 00:00:15 ; elapsed = 00:00:16 . Memory (MB): peak = 1016.020 ; gain = 0.000
---------------------------------------------------------------------------------
---------------------------------------------------------------------------------
Start Handling Custom Attributes
---------------------------------------------------------------------------------
---------------------------------------------------------------------------------
Finished Handling Custom Attributes : Time (s): cpu = 00:00:15 ; elapsed = 00:00:16 . Memory (MB): peak = 1016.020 ; gain = 0.000
---------------------------------------------------------------------------------
---------------------------------------------------------------------------------
Start Renaming Generated Nets
---------------------------------------------------------------------------------
---------------------------------------------------------------------------------
Finished Renaming Generated Nets : Time (s): cpu = 00:00:15 ; elapsed = 00:00:16 . Memory (MB): peak = 1016.020 ; gain = 0.000
---------------------------------------------------------------------------------
---------------------------------------------------------------------------------
Start Writing Synthesis Report
---------------------------------------------------------------------------------

Report BlackBoxes: 
+-+--------------+----------+
| |BlackBox name |Instances |
+-+--------------+----------+
+-+--------------+----------+

Report Cell Usage: 
+------+---------+------+
|      |Cell     |Count |
+------+---------+------+
|1     |BUFG     |     1|
|2     |CARRY4   |    13|
|3     |LUT1     |     8|
|4     |LUT2     |    12|
|5     |LUT3     |    39|
|6     |LUT4     |    42|
|7     |LUT5     |    54|
|8     |LUT6     |    95|
|9     |RAMB18E1 |     1|
|10    |FDRE     |    65|
|11    |FDSE     |     2|
|12    |IBUF     |     7|
|13    |OBUF     |     4|
+------+---------+------+

Report Instance Areas: 
+------+---------------------------------+---------------------------+------+
|      |Instance                         |Module                     |Cells |
+------+---------------------------------+---------------------------+------+
|1     |top                              |                           |   343|
|2     |  u_BiSS_C_Master                |BiSS_C_Master              |   130|
|3     |    u_Bit_Counter_Error_Detector |Bit_Counter_Error_Detector |   130|
|4     |  u_Buffer                       |Buffer_rsvd                |   194|
|5     |    u_Chart                      |Chart                      |   188|
|6     |    u_Simple_Dual_Port_RAM       |SimpleDualPortRAM_generic  |     6|
|7     |  u_DAQ_BiSS_C_Slave             |DAQ_BiSS_C_Slave           |     3|
|8     |    u_Chart                      |Chart_block_0              |     2|
|9     |  u_Motor_BiSS_C_Slave           |Motor_BiSS_C_Slave         |     4|
|10    |    u_Chart                      |Chart_block                |     2|
+------+---------------------------------+---------------------------+------+
---------------------------------------------------------------------------------
Finished Writing Synthesis Report : Time (s): cpu = 00:00:15 ; elapsed = 00:00:16 . Memory (MB): peak = 1016.020 ; gain = 0.000
---------------------------------------------------------------------------------
Synthesis finished with 0 errors, 0 critical warnings and 0 warnings.
Synthesis Optimization Runtime : Time (s): cpu = 00:00:15 ; elapsed = 00:00:16 . Memory (MB): peak = 1016.020 ; gain = 0.000
Synthesis Optimization Complete : Time (s): cpu = 00:00:15 ; elapsed = 00:00:16 . Memory (MB): peak = 1016.020 ; gain = 0.000
INFO: [Project 1-571] Translating synthesized netlist
Netlist sorting complete. Time (s): cpu = 00:00:00 ; elapsed = 00:00:00.006 . Memory (MB): peak = 1016.020 ; gain = 0.000
INFO: [Netlist 29-17] Analyzing 14 Unisim elements for replacement
INFO: [Netlist 29-28] Unisim Transformation completed in 0 CPU seconds
INFO: [Project 1-570] Preparing netlist for logic optimization
INFO: [Opt 31-138] Pushed 0 inverter(s) to 0 load pin(s).
Netlist sorting complete. Time (s): cpu = 00:00:00 ; elapsed = 00:00:00.001 . Memory (MB): peak = 1016.020 ; gain = 0.000
INFO: [Project 1-111] Unisim Transformation Summary:
No Unisim elements were transformed.

INFO: [Common 17-83] Releasing license: Synthesis
42 Infos, 0 Warnings, 0 Critical Warnings and 0 Errors encountered.
synth_design completed successfully
synth_design: Time (s): cpu = 00:00:19 ; elapsed = 00:00:20 . Memory (MB): peak = 1016.020 ; gain = 0.000
INFO: [Common 17-1381] The checkpoint 'C:/Users/Austin/Documents/BiSS-C-Splitter/BiSS C Splitter Vivado Rev2/BiSS C Splitter Vivado Rev2.runs/synth_1/BiSS_Splitter_Rev8.dcp' has been generated.
INFO: [runtcl-4] Executing : report_utilization -file BiSS_Splitter_Rev8_utilization_synth.rpt -pb BiSS_Splitter_Rev8_utilization_synth.pb
INFO: [Common 17-206] Exiting Vivado at Wed Sep  9 16:47:59 2020...
